This file contains any messages produced by compilers while
running configure, to aid debugging if configure makes a mistake.

It was created by libmalelf configure 1.0, which was
generated by GNU Autoconf 2.69.  Invocation command line was

  $ ./configure --enable-tests --prefix=/usr

## --------- ##
## Platform. ##
## --------- ##

hostname = secplus
uname -m = i686
uname -r = 3.2.0-4-686-pae
uname -s = Linux
uname -v = #1 SMP Debian 3.2.35-2

/usr/bin/uname -p = unknown
/bin/uname -X     = unknown

/bin/arch              = unknown
/usr/bin/arch -k       = unknown
/usr/convex/getsysinfo = unknown
/usr/bin/hostinfo      = unknown
/bin/machine           = unknown
/usr/bin/oslevel       = unknown
/bin/universe          = unknown

PATH: /usr/local/bin
PATH: /usr/bin
PATH: /bin
PATH: /usr/local/games
PATH: /usr/games


## ----------- ##
## Core tests. ##
## ----------- ##

configure:2330: result: Welcome to AutoHELL
configure:2377: checking for a BSD-compatible install
configure:2445: result: /usr/bin/install -c
configure:2456: checking whether build environment is sane
configure:2506: result: yes
configure:2647: checking for a thread-safe mkdir -p
configure:2686: result: /bin/mkdir -p
configure:2699: checking for gawk
configure:2715: found /usr/bin/gawk
configure:2726: result: gawk
configure:2737: checking whether make sets $(MAKE)
configure:2759: result: yes
configure:2851: checking for style of include used by make
configure:2879: result: GNU
configure:2950: checking for gcc
configure:2966: found /usr/bin/gcc
configure:2977: result: gcc
configure:3206: checking for C compiler version
configure:3215: gcc --version >&5
gcc (Debian 4.7.2-5) 4.7.2
Copyright (C) 2012 Free Software Foundation, Inc.
This is free software; see the source for copying conditions.  There is NO
warranty; not even for MERCHANTABILITY or FITNESS FOR A PARTICULAR PURPOSE.

configure:3226: $? = 0
configure:3215: gcc -v >&5
Using built-in specs.
COLLECT_GCC=gcc
COLLECT_LTO_WRAPPER=/usr/lib/gcc/i486-linux-gnu/4.7/lto-wrapper
Target: i486-linux-gnu
Configured with: ../src/configure -v --with-pkgversion='Debian 4.7.2-5' --with-bugurl=file:///usr/share/doc/gcc-4.7/README.Bugs --enable-languages=c,c++,go,fortran,objc,obj-c++ --prefix=/usr --program-suffix=-4.7 --enable-shared --enable-linker-build-id --with-system-zlib --libexecdir=/usr/lib --without-included-gettext --enable-threads=posix --with-gxx-include-dir=/usr/include/c++/4.7 --libdir=/usr/lib --enable-nls --with-sysroot=/ --enable-clocale=gnu --enable-libstdcxx-debug --enable-libstdcxx-time=yes --enable-gnu-unique-object --enable-plugin --enable-objc-gc --enable-targets=all --with-arch-32=i586 --with-tune=generic --enable-checking=release --build=i486-linux-gnu --host=i486-linux-gnu --target=i486-linux-gnu
Thread model: posix
gcc version 4.7.2 (Debian 4.7.2-5) 
configure:3226: $? = 0
configure:3215: gcc -V >&5
gcc: error: unrecognized command line option '-V'
gcc: fatal error: no input files
compilation terminated.
configure:3226: $? = 4
configure:3215: gcc -qversion >&5
gcc: error: unrecognized command line option '-qversion'
gcc: fatal error: no input files
compilation terminated.
configure:3226: $? = 4
configure:3246: checking whether the C compiler works
configure:3268: gcc    conftest.c  >&5
configure:3272: $? = 0
configure:3320: result: yes
configure:3323: checking for C compiler default output file name
configure:3325: result: a.out
configure:3331: checking for suffix of executables
configure:3338: gcc -o conftest    conftest.c  >&5
configure:3342: $? = 0
configure:3364: result: 
configure:3386: checking whether we are cross compiling
configure:3394: gcc -o conftest    conftest.c  >&5
configure:3398: $? = 0
configure:3405: ./conftest
configure:3409: $? = 0
configure:3424: result: no
configure:3429: checking for suffix of object files
configure:3451: gcc -c   conftest.c >&5
configure:3455: $? = 0
configure:3476: result: o
configure:3480: checking whether we are using the GNU C compiler
configure:3499: gcc -c   conftest.c >&5
configure:3499: $? = 0
configure:3508: result: yes
configure:3517: checking whether gcc accepts -g
configure:3537: gcc -c -g  conftest.c >&5
configure:3537: $? = 0
configure:3578: result: yes
configure:3595: checking for gcc option to accept ISO C89
configure:3658: gcc  -c -g -O2  conftest.c >&5
configure:3658: $? = 0
configure:3671: result: none needed
configure:3693: checking dependency style of gcc
configure:3804: result: gcc3
configure:3828: checking dependency style of gcc
configure:3937: result: gcc3
configure:3982: checking build system type
configure:3996: result: i686-pc-linux-gnu
configure:4016: checking host system type
configure:4029: result: i686-pc-linux-gnu
configure:4070: checking how to print strings
configure:4097: result: printf
configure:4118: checking for a sed that does not truncate output
configure:4182: result: /bin/sed
configure:4200: checking for grep that handles long lines and -e
configure:4258: result: /bin/grep
configure:4263: checking for egrep
configure:4325: result: /bin/grep -E
configure:4330: checking for fgrep
configure:4392: result: /bin/grep -F
configure:4427: checking for ld used by gcc
configure:4494: result: /usr/bin/ld
configure:4501: checking if the linker (/usr/bin/ld) is GNU ld
configure:4516: result: yes
configure:4528: checking for BSD- or MS-compatible name lister (nm)
configure:4577: result: /usr/bin/nm -B
configure:4707: checking the name lister (/usr/bin/nm -B) interface
configure:4714: gcc -c -g -O2  conftest.c >&5
configure:4717: /usr/bin/nm -B "conftest.o"
configure:4720: output
00000000 B some_variable
configure:4727: result: BSD nm
configure:4730: checking whether ln -s works
configure:4734: result: yes
configure:4742: checking the maximum length of command line arguments
configure:4867: result: 1572864
configure:4884: checking whether the shell understands some XSI constructs
configure:4894: result: yes
configure:4898: checking whether the shell understands "+="
configure:4904: result: yes
configure:4939: checking how to convert i686-pc-linux-gnu file names to i686-pc-linux-gnu format
configure:4979: result: func_convert_file_noop
configure:4986: checking how to convert i686-pc-linux-gnu file names to toolchain format
configure:5006: result: func_convert_file_noop
configure:5013: checking for /usr/bin/ld option to reload object files
configure:5020: result: -r
configure:5094: checking for objdump
configure:5110: found /usr/bin/objdump
configure:5121: result: objdump
configure:5153: checking how to recognize dependent libraries
configure:5355: result: pass_all
configure:5440: checking for dlltool
configure:5470: result: no
configure:5500: checking how to associate runtime and link libraries
configure:5527: result: printf %s\n
configure:5588: checking for ar
configure:5604: found /usr/bin/ar
configure:5615: result: ar
configure:5652: checking for archiver @FILE support
configure:5669: gcc -c -g -O2  conftest.c >&5
configure:5669: $? = 0
configure:5672: ar cru libconftest.a @conftest.lst >&5
configure:5675: $? = 0
configure:5680: ar cru libconftest.a @conftest.lst >&5
ar: conftest.o: No such file or directory
configure:5683: $? = 1
configure:5695: result: @
configure:5753: checking for strip
configure:5769: found /usr/bin/strip
configure:5780: result: strip
configure:5852: checking for ranlib
configure:5868: found /usr/bin/ranlib
configure:5879: result: ranlib
configure:5981: checking command to parse /usr/bin/nm -B output from gcc object
configure:6100: gcc -c -g -O2  conftest.c >&5
configure:6103: $? = 0
configure:6107: /usr/bin/nm -B conftest.o \| sed -n -e 's/^.*[ ]\([ABCDGIRSTW][ABCDGIRSTW]*\)[ ][ ]*\([_A-Za-z][_A-Za-z0-9]*\)$/\1 \2 \2/p' | sed '/ __gnu_lto/d' \> conftest.nm
configure:6110: $? = 0
configure:6176: gcc -o conftest -g -O2   conftest.c conftstm.o >&5
configure:6179: $? = 0
configure:6217: result: ok
configure:6254: checking for sysroot
configure:6284: result: no
configure:6527: checking for mt
configure:6543: found /bin/mt
configure:6554: result: mt
configure:6577: checking if mt is a manifest tool
configure:6583: mt '-?'
configure:6591: result: no
configure:7223: checking how to run the C preprocessor
configure:7254: gcc -E  conftest.c
configure:7254: $? = 0
configure:7268: gcc -E  conftest.c
conftest.c:11:28: fatal error: ac_nonexistent.h: No such file or directory
compilation terminated.
configure:7268: $? = 1
configure: failed program was:
| /* confdefs.h */
| #define PACKAGE_NAME "libmalelf"
| #define PACKAGE_TARNAME "libmalelf"
| #define PACKAGE_VERSION "1.0"
| #define PACKAGE_STRING "libmalelf 1.0"
| #define PACKAGE_BUGREPORT "natel@secplus.com.br"
| #define PACKAGE_URL ""
| #define PACKAGE "libmalelf"
| #define VERSION "1.0"
| /* end confdefs.h.  */
| #include <ac_nonexistent.h>
configure:7293: result: gcc -E
configure:7313: gcc -E  conftest.c
configure:7313: $? = 0
configure:7327: gcc -E  conftest.c
conftest.c:11:28: fatal error: ac_nonexistent.h: No such file or directory
compilation terminated.
configure:7327: $? = 1
configure: failed program was:
| /* confdefs.h */
| #define PACKAGE_NAME "libmalelf"
| #define PACKAGE_TARNAME "libmalelf"
| #define PACKAGE_VERSION "1.0"
| #define PACKAGE_STRING "libmalelf 1.0"
| #define PACKAGE_BUGREPORT "natel@secplus.com.br"
| #define PACKAGE_URL ""
| #define PACKAGE "libmalelf"
| #define VERSION "1.0"
| /* end confdefs.h.  */
| #include <ac_nonexistent.h>
configure:7356: checking for ANSI C header files
configure:7376: gcc -c -g -O2  conftest.c >&5
configure:7376: $? = 0
configure:7449: gcc -o conftest -g -O2   conftest.c  >&5
configure:7449: $? = 0
configure:7449: ./conftest
configure:7449: $? = 0
configure:7460: result: yes
configure:7473: checking for sys/types.h
configure:7473: gcc -c -g -O2  conftest.c >&5
configure:7473: $? = 0
configure:7473: result: yes
configure:7473: checking for sys/stat.h
configure:7473: gcc -c -g -O2  conftest.c >&5
configure:7473: $? = 0
configure:7473: result: yes
configure:7473: checking for stdlib.h
configure:7473: gcc -c -g -O2  conftest.c >&5
configure:7473: $? = 0
configure:7473: result: yes
configure:7473: checking for string.h
configure:7473: gcc -c -g -O2  conftest.c >&5
configure:7473: $? = 0
configure:7473: result: yes
configure:7473: checking for memory.h
configure:7473: gcc -c -g -O2  conftest.c >&5
configure:7473: $? = 0
configure:7473: result: yes
configure:7473: checking for strings.h
configure:7473: gcc -c -g -O2  conftest.c >&5
configure:7473: $? = 0
configure:7473: result: yes
configure:7473: checking for inttypes.h
configure:7473: gcc -c -g -O2  conftest.c >&5
configure:7473: $? = 0
configure:7473: result: yes
configure:7473: checking for stdint.h
configure:7473: gcc -c -g -O2  conftest.c >&5
configure:7473: $? = 0
configure:7473: result: yes
configure:7473: checking for unistd.h
configure:7473: gcc -c -g -O2  conftest.c >&5
configure:7473: $? = 0
configure:7473: result: yes
configure:7487: checking for dlfcn.h
configure:7487: gcc -c -g -O2  conftest.c >&5
configure:7487: $? = 0
configure:7487: result: yes
configure:7674: checking for objdir
configure:7689: result: .libs
configure:7960: checking if gcc supports -fno-rtti -fno-exceptions
configure:7978: gcc -c -g -O2  -fno-rtti -fno-exceptions conftest.c >&5
cc1: warning: command line option '-fno-rtti' is valid for C++/ObjC++ but not for C [enabled by default]
configure:7982: $? = 0
configure:7995: result: no
configure:8305: checking for gcc option to produce PIC
configure:8312: result: -fPIC -DPIC
configure:8320: checking if gcc PIC flag -fPIC -DPIC works
configure:8338: gcc -c -g -O2  -fPIC -DPIC -DPIC conftest.c >&5
configure:8342: $? = 0
configure:8355: result: yes
configure:8384: checking if gcc static flag -static works
configure:8412: result: yes
configure:8427: checking if gcc supports -c -o file.o
configure:8448: gcc -c -g -O2  -o out/conftest2.o conftest.c >&5
configure:8452: $? = 0
configure:8474: result: yes
configure:8482: checking if gcc supports -c -o file.o
configure:8529: result: yes
configure:8562: checking whether the gcc linker (/usr/bin/ld) supports shared libraries
configure:9724: result: yes
configure:9761: checking whether -lc should be explicitly linked in
configure:9769: gcc -c -g -O2  conftest.c >&5
configure:9772: $? = 0
configure:9787: gcc -shared  -fPIC -DPIC conftest.o  -v -Wl,-soname -Wl,conftest -o conftest 2\>\&1 \| /bin/grep  -lc  \>/dev/null 2\>\&1
configure:9790: $? = 0
configure:9804: result: no
configure:9969: checking dynamic linker characteristics
configure:10484: gcc -o conftest -g -O2   -Wl,-rpath -Wl,/foo conftest.c  >&5
configure:10484: $? = 0
configure:10718: result: GNU/Linux ld.so
configure:10825: checking how to hardcode library paths into programs
configure:10850: result: immediate
configure:11390: checking whether stripping libraries is possible
configure:11395: result: yes
configure:11430: checking if libtool supports shared libraries
configure:11432: result: yes
configure:11435: checking whether to build shared libraries
configure:11456: result: yes
configure:11459: checking whether to build static libraries
configure:11463: result: yes
configure:11598: checking for gcc
configure:11625: result: gcc
configure:11854: checking for C compiler version
configure:11863: gcc --version >&5
gcc (Debian 4.7.2-5) 4.7.2
Copyright (C) 2012 Free Software Foundation, Inc.
This is free software; see the source for copying conditions.  There is NO
warranty; not even for MERCHANTABILITY or FITNESS FOR A PARTICULAR PURPOSE.

configure:11874: $? = 0
configure:11863: gcc -v >&5
Using built-in specs.
COLLECT_GCC=gcc
COLLECT_LTO_WRAPPER=/usr/lib/gcc/i486-linux-gnu/4.7/lto-wrapper
Target: i486-linux-gnu
Configured with: ../src/configure -v --with-pkgversion='Debian 4.7.2-5' --with-bugurl=file:///usr/share/doc/gcc-4.7/README.Bugs --enable-languages=c,c++,go,fortran,objc,obj-c++ --prefix=/usr --program-suffix=-4.7 --enable-shared --enable-linker-build-id --with-system-zlib --libexecdir=/usr/lib --without-included-gettext --enable-threads=posix --with-gxx-include-dir=/usr/include/c++/4.7 --libdir=/usr/lib --enable-nls --with-sysroot=/ --enable-clocale=gnu --enable-libstdcxx-debug --enable-libstdcxx-time=yes --enable-gnu-unique-object --enable-plugin --enable-objc-gc --enable-targets=all --with-arch-32=i586 --with-tune=generic --enable-checking=release --build=i486-linux-gnu --host=i486-linux-gnu --target=i486-linux-gnu
Thread model: posix
gcc version 4.7.2 (Debian 4.7.2-5) 
configure:11874: $? = 0
configure:11863: gcc -V >&5
gcc: error: unrecognized command line option '-V'
gcc: fatal error: no input files
compilation terminated.
configure:11874: $? = 4
configure:11863: gcc -qversion >&5
gcc: error: unrecognized command line option '-qversion'
gcc: fatal error: no input files
compilation terminated.
configure:11874: $? = 4
configure:11878: checking whether we are using the GNU C compiler
configure:11906: result: yes
configure:11915: checking whether gcc accepts -g
configure:11976: result: yes
configure:11993: checking for gcc option to accept ISO C89
configure:12069: result: none needed
configure:12091: checking dependency style of gcc
configure:12202: result: gcc3
configure:12219: checking for nasm
configure:12235: found /usr/bin/nasm
configure:12247: result: true
configure:12272: checking fcntl.h usability
configure:12272: gcc -c -g -O2 -I/usr/include/libxml2  -I/usr/include/libxml2 conftest.c >&5
configure:12272: $? = 0
configure:12272: result: yes
configure:12272: checking fcntl.h presence
configure:12272: gcc -E  -I/usr/include/libxml2 conftest.c
configure:12272: $? = 0
configure:12272: result: yes
configure:12272: checking for fcntl.h
configure:12272: result: yes
configure:12272: checking for stdlib.h
configure:12272: result: yes
configure:12272: checking for string.h
configure:12272: result: yes
configure:12272: checking for unistd.h
configure:12272: result: yes
configure:12272: checking elf.h usability
configure:12272: gcc -c -g -O2 -I/usr/include/libxml2  -I/usr/include/libxml2 conftest.c >&5
configure:12272: $? = 0
configure:12272: result: yes
configure:12272: checking elf.h presence
configure:12272: gcc -E  -I/usr/include/libxml2 conftest.c
configure:12272: $? = 0
configure:12272: result: yes
configure:12272: checking for elf.h
configure:12272: result: yes
configure:12272: checking CUnit/CUnit.h usability
configure:12272: gcc -c -g -O2 -I/usr/include/libxml2  -I/usr/include/libxml2 conftest.c >&5
configure:12272: $? = 0
configure:12272: result: yes
configure:12272: checking CUnit/CUnit.h presence
configure:12272: gcc -E  -I/usr/include/libxml2 conftest.c
configure:12272: $? = 0
configure:12272: result: yes
configure:12272: checking for CUnit/CUnit.h
configure:12272: result: yes
configure:12272: checking libxml/xmlwriter.h usability
configure:12272: gcc -c -g -O2 -I/usr/include/libxml2  -I/usr/include/libxml2 conftest.c >&5
configure:12272: $? = 0
configure:12272: result: yes
configure:12272: checking libxml/xmlwriter.h presence
configure:12272: gcc -E  -I/usr/include/libxml2 conftest.c
configure:12272: $? = 0
configure:12272: result: yes
configure:12272: checking for libxml/xmlwriter.h
configure:12272: result: yes
configure:12317: checking for size_t
configure:12317: gcc -c -g -O2  conftest.c >&5
configure:12317: $? = 0
configure:12317: gcc -c -g -O2  conftest.c >&5
conftest.c: In function 'main':
conftest.c:66:21: error: expected expression before ')' token
configure:12317: $? = 1
configure: failed program was:
| /* confdefs.h */
| #define PACKAGE_NAME "libmalelf"
| #define PACKAGE_TARNAME "libmalelf"
| #define PACKAGE_VERSION "1.0"
| #define PACKAGE_STRING "libmalelf 1.0"
| #define PACKAGE_BUGREPORT "natel@secplus.com.br"
| #define PACKAGE_URL ""
| #define PACKAGE "libmalelf"
| #define VERSION "1.0"
| #define STDC_HEADERS 1
| #define HAVE_SYS_TYPES_H 1
| #define HAVE_SYS_STAT_H 1
| #define HAVE_STDLIB_H 1
| #define HAVE_STRING_H 1
| #define HAVE_MEMORY_H 1
| #define HAVE_STRINGS_H 1
| #define HAVE_INTTYPES_H 1
| #define HAVE_STDINT_H 1
| #define HAVE_UNISTD_H 1
| #define HAVE_DLFCN_H 1
| #define LT_OBJDIR ".libs/"
| #define HAVE_FCNTL_H 1
| #define HAVE_STDLIB_H 1
| #define HAVE_STRING_H 1
| #define HAVE_UNISTD_H 1
| #define HAVE_ELF_H 1
| #define HAVE_CUNIT_CUNIT_H 1
| #define HAVE_LIBXML_XMLWRITER_H 1
| /* end confdefs.h.  */
| #include <stdio.h>
| #ifdef HAVE_SYS_TYPES_H
| # include <sys/types.h>
| #endif
| #ifdef HAVE_SYS_STAT_H
| # include <sys/stat.h>
| #endif
| #ifdef STDC_HEADERS
| # include <stdlib.h>
| # include <stddef.h>
| #else
| # ifdef HAVE_STDLIB_H
| #  include <stdlib.h>
| # endif
| #endif
| #ifdef HAVE_STRING_H
| # if !defined STDC_HEADERS && defined HAVE_MEMORY_H
| #  include <memory.h>
| # endif
| # include <string.h>
| #endif
| #ifdef HAVE_STRINGS_H
| # include <strings.h>
| #endif
| #ifdef HAVE_INTTYPES_H
| # include <inttypes.h>
| #endif
| #ifdef HAVE_STDINT_H
| # include <stdint.h>
| #endif
| #ifdef HAVE_UNISTD_H
| # include <unistd.h>
| #endif
| int
| main ()
| {
| if (sizeof ((size_t)))
| 	    return 0;
|   ;
|   return 0;
| }
configure:12317: result: yes
configure:12328: checking for uint16_t
configure:12328: gcc -c -g -O2  conftest.c >&5
configure:12328: $? = 0
configure:12328: result: yes
configure:12340: checking for uint32_t
configure:12340: gcc -c -g -O2  conftest.c >&5
configure:12340: $? = 0
configure:12340: result: yes
configure:12354: checking for uint8_t
configure:12354: gcc -c -g -O2  conftest.c >&5
configure:12354: $? = 0
configure:12354: result: yes
configure:12372: checking for stdlib.h
configure:12372: result: yes
configure:12382: checking for GNU libc compatible malloc
configure:12406: gcc -o conftest -g -O2   conftest.c  >&5
configure:12406: $? = 0
configure:12406: ./conftest
configure:12406: $? = 0
configure:12416: result: yes
configure:12439: checking for stdlib.h
configure:12439: result: yes
configure:12449: checking for GNU libc compatible realloc
configure:12473: gcc -o conftest -g -O2   conftest.c  >&5
configure:12473: $? = 0
configure:12473: ./conftest
configure:12473: $? = 0
configure:12483: result: yes
configure:12510: checking for stdlib.h
configure:12510: result: yes
configure:12510: checking for unistd.h
configure:12510: result: yes
configure:12510: checking for sys/param.h
configure:12510: gcc -c -g -O2  conftest.c >&5
configure:12510: $? = 0
configure:12510: result: yes
configure:12530: checking for getpagesize
configure:12530: gcc -o conftest -g -O2   conftest.c  >&5
configure:12530: $? = 0
configure:12530: result: yes
configure:12539: checking for working mmap
configure:12686: gcc -o conftest -g -O2   conftest.c  >&5
configure:12686: $? = 0
configure:12686: ./conftest
configure:12686: $? = 0
configure:12696: result: yes
configure:12708: checking for bzero
configure:12708: gcc -o conftest -g -O2   conftest.c  >&5
conftest.c:62:6: warning: conflicting types for built-in function 'bzero' [enabled by default]
configure:12708: $? = 0
configure:12708: result: yes
configure:12708: checking for getaddrinfo
configure:12708: gcc -o conftest -g -O2   conftest.c  >&5
configure:12708: $? = 0
configure:12708: result: yes
configure:12708: checking for inet_ntoa
configure:12708: gcc -o conftest -g -O2   conftest.c  >&5
configure:12708: $? = 0
configure:12708: result: yes
configure:12708: checking for memset
configure:12708: gcc -o conftest -g -O2   conftest.c  >&5
conftest.c:65:6: warning: conflicting types for built-in function 'memset' [enabled by default]
configure:12708: $? = 0
configure:12708: result: yes
configure:12708: checking for socket
configure:12708: gcc -o conftest -g -O2   conftest.c  >&5
configure:12708: $? = 0
configure:12708: result: yes
configure:12708: checking for munmap
configure:12708: gcc -o conftest -g -O2   conftest.c  >&5
configure:12708: $? = 0
configure:12708: result: yes
configure:12860: creating ./config.status

## ---------------------- ##
## Running config.status. ##
## ---------------------- ##

This file was extended by libmalelf config.status 1.0, which was
generated by GNU Autoconf 2.69.  Invocation command line was

  CONFIG_FILES    = 
  CONFIG_HEADERS  = 
  CONFIG_LINKS    = 
  CONFIG_COMMANDS = 
  $ ./config.status 

on secplus

config.status:1113: creating Makefile
config.status:1113: creating src/Makefile
config.status:1113: creating test/Makefile
config.status:1113: creating test/bintest/Makefile
config.status:1113: creating examples/Makefile
config.status:1113: creating config.h
config.status:1342: executing depfiles commands
config.status:1342: executing libtool commands
configure:15137: result:

























01101101011000010110110001100101011011000110011001101001011000110111010101110011
00100000011010010110111001100110011001010110001101110100001000000010110101101001
00100000001011110110001001101111011011110111010000101111011101100110110101101100
01101001011011100111010101111010001000000010110101101111001000000010111101100010
01101111011011110111010000101111011101100110110101101100011010010110111001110101
01111010001011010110100101101110011001100110010101100011011101000110010101100100
00100000001011010110110100100000001100000010000000101101011100000010000001110000
01100001011100100110000101110011011010010111010001100101001011100110111100001101
00001010011010000110000101110000011100000111100100100000011010000110000101100011
01101011011010010110111001100111001000000010000100100001001000010000110100001010
00001101000010100100001001110101011001110101001101100101011000110010000001010100
01100101011000010110110100001101000010100000110100001010011010010011010001101011
00101100001000000110001100110000001100000110110000110011011100100010110000100000
01101101001100000110111001100001011001000010110000100000011100110110100101100111
01110011011001010110011101110110001011000010000001110011011011000111100101100110
01110101011011100110101101111001001011000010000001100010001011010110110101100001
01101110000011010000101000001101000010100000110100001010000011010000101000001101
0001          MalELFicus - Malware Development and Analysis Tool            0010
0011                                                                        0100
0101 Configuration:                                                         0110
configure:15186: result: 0111    Unit tests: enabled                                                 1000
configure:15194: result: 1001    NASM: installed                                                     1010
configure:15201: result: 1011                                                                        1100

## ---------------- ##
## Cache variables. ##
## ---------------- ##

ac_cv_build=i686-pc-linux-gnu
ac_cv_c_compiler_gnu=yes
ac_cv_c_uint16_t=yes
ac_cv_c_uint32_t=yes
ac_cv_c_uint8_t=yes
ac_cv_env_CCASFLAGS_set=
ac_cv_env_CCASFLAGS_value=
ac_cv_env_CCAS_set=
ac_cv_env_CCAS_value=
ac_cv_env_CC_set=
ac_cv_env_CC_value=
ac_cv_env_CFLAGS_set=
ac_cv_env_CFLAGS_value=
ac_cv_env_CPPFLAGS_set=
ac_cv_env_CPPFLAGS_value=
ac_cv_env_CPP_set=
ac_cv_env_CPP_value=
ac_cv_env_LDFLAGS_set=
ac_cv_env_LDFLAGS_value=
ac_cv_env_LIBS_set=
ac_cv_env_LIBS_value=
ac_cv_env_build_alias_set=
ac_cv_env_build_alias_value=
ac_cv_env_host_alias_set=
ac_cv_env_host_alias_value=
ac_cv_env_target_alias_set=
ac_cv_env_target_alias_value=
ac_cv_func_bzero=yes
ac_cv_func_getaddrinfo=yes
ac_cv_func_getpagesize=yes
ac_cv_func_inet_ntoa=yes
ac_cv_func_malloc_0_nonnull=yes
ac_cv_func_memset=yes
ac_cv_func_mmap_fixed_mapped=yes
ac_cv_func_munmap=yes
ac_cv_func_realloc_0_nonnull=yes
ac_cv_func_socket=yes
ac_cv_header_CUnit_CUnit_h=yes
ac_cv_header_dlfcn_h=yes
ac_cv_header_elf_h=yes
ac_cv_header_fcntl_h=yes
ac_cv_header_inttypes_h=yes
ac_cv_header_libxml_xmlwriter_h=yes
ac_cv_header_memory_h=yes
ac_cv_header_stdc=yes
ac_cv_header_stdint_h=yes
ac_cv_header_stdlib_h=yes
ac_cv_header_string_h=yes
ac_cv_header_strings_h=yes
ac_cv_header_sys_param_h=yes
ac_cv_header_sys_stat_h=yes
ac_cv_header_sys_types_h=yes
ac_cv_header_unistd_h=yes
ac_cv_host=i686-pc-linux-gnu
ac_cv_objext=o
ac_cv_path_EGREP='/bin/grep -E'
ac_cv_path_FGREP='/bin/grep -F'
ac_cv_path_GREP=/bin/grep
ac_cv_path_SED=/bin/sed
ac_cv_path_install='/usr/bin/install -c'
ac_cv_path_mkdir=/bin/mkdir
ac_cv_prog_AWK=gawk
ac_cv_prog_CPP='gcc -E'
ac_cv_prog_HAVE_NASM=true
ac_cv_prog_ac_ct_AR=ar
ac_cv_prog_ac_ct_CC=gcc
ac_cv_prog_ac_ct_MANIFEST_TOOL=mt
ac_cv_prog_ac_ct_OBJDUMP=objdump
ac_cv_prog_ac_ct_RANLIB=ranlib
ac_cv_prog_ac_ct_STRIP=strip
ac_cv_prog_cc_c89=
ac_cv_prog_cc_g=yes
ac_cv_prog_make_make_set=yes
ac_cv_type_size_t=yes
am_cv_CCAS_dependencies_compiler_type=gcc3
am_cv_CC_dependencies_compiler_type=gcc3
lt_cv_ar_at_file=@
lt_cv_archive_cmds_need_lc=no
lt_cv_deplibs_check_method=pass_all
lt_cv_file_magic_cmd='$MAGIC_CMD'
lt_cv_file_magic_test_file=
lt_cv_ld_reload_flag=-r
lt_cv_nm_interface='BSD nm'
lt_cv_objdir=.libs
lt_cv_path_LD=/usr/bin/ld
lt_cv_path_NM='/usr/bin/nm -B'
lt_cv_path_mainfest_tool=no
lt_cv_prog_compiler_c_o=yes
lt_cv_prog_compiler_pic='-fPIC -DPIC'
lt_cv_prog_compiler_pic_works=yes
lt_cv_prog_compiler_rtti_exceptions=no
lt_cv_prog_compiler_static_works=yes
lt_cv_prog_gnu_ld=yes
lt_cv_sharedlib_from_linklib_cmd='printf %s\n'
lt_cv_shlibpath_overrides_runpath=no
lt_cv_sys_global_symbol_pipe='sed -n -e '\''s/^.*[	 ]\([ABCDGIRSTW][ABCDGIRSTW]*\)[	 ][	 ]*\([_A-Za-z][_A-Za-z0-9]*\)$/\1 \2 \2/p'\'' | sed '\''/ __gnu_lto/d'\'''
lt_cv_sys_global_symbol_to_c_name_address='sed -n -e '\''s/^: \([^ ]*\)[ ]*$/  {\"\1\", (void *) 0},/p'\'' -e '\''s/^[ABCDGIRSTW]* \([^ ]*\) \([^ ]*\)$/  {"\2", (void *) \&\2},/p'\'''
lt_cv_sys_global_symbol_to_c_name_address_lib_prefix='sed -n -e '\''s/^: \([^ ]*\)[ ]*$/  {\"\1\", (void *) 0},/p'\'' -e '\''s/^[ABCDGIRSTW]* \([^ ]*\) \(lib[^ ]*\)$/  {"\2", (void *) \&\2},/p'\'' -e '\''s/^[ABCDGIRSTW]* \([^ ]*\) \([^ ]*\)$/  {"lib\2", (void *) \&\2},/p'\'''
lt_cv_sys_global_symbol_to_cdecl='sed -n -e '\''s/^T .* \(.*\)$/extern int \1();/p'\'' -e '\''s/^[ABCDGIRSTW]* .* \(.*\)$/extern char \1;/p'\'''
lt_cv_sys_max_cmd_len=1572864
lt_cv_to_host_file_cmd=func_convert_file_noop
lt_cv_to_tool_file_cmd=func_convert_file_noop

## ----------------- ##
## Output variables. ##
## ----------------- ##

ACLOCAL='${SHELL} /home/i4k/hack/source/libmalelf/missing --run aclocal-1.11'
AMDEPBACKSLASH='\'
AMDEP_FALSE='#'
AMDEP_TRUE=''
AMTAR='$${TAR-tar}'
AR='ar'
AUTOCONF='${SHELL} /home/i4k/hack/source/libmalelf/missing --run autoconf'
AUTOHEADER='${SHELL} /home/i4k/hack/source/libmalelf/missing --run autoheader'
AUTOMAKE='${SHELL} /home/i4k/hack/source/libmalelf/missing --run automake-1.11'
AWK='gawk'
CC='gcc'
CCAS='gcc'
CCASDEPMODE='depmode=gcc3'
CCASFLAGS='-g -O2'
CCDEPMODE='depmode=gcc3'
CFLAGS='-g -O2'
CPP='gcc -E'
CPPFLAGS=''
CYGPATH_W='echo'
DEFS='-DHAVE_CONFIG_H'
DEPDIR='.deps'
DLLTOOL='false'
DSYMUTIL=''
DUMPBIN=''
ECHO_C=''
ECHO_N='-n'
ECHO_T=''
EGREP='/bin/grep -E'
EXEEXT=''
FGREP='/bin/grep -F'
GREP='/bin/grep'
HAVE_NASM='true'
HAVE_TESTS='yes'
INCLUDE_TESTS='test'
INSTALL_DATA='${INSTALL} -m 644'
INSTALL_PROGRAM='${INSTALL}'
INSTALL_SCRIPT='${INSTALL}'
INSTALL_STRIP_PROGRAM='$(install_sh) -c -s'
LD='/usr/bin/ld'
LDFLAGS=''
LIBOBJS=''
LIBS=''
LIBTOOL='$(SHELL) $(top_builddir)/libtool'
LIBXML_INCLUDES='/usr/include/libxml2'
LIBXML_LIBPATH='/usr/lib'
LIPO=''
LN_S='ln -s'
LTLIBOBJS=''
MAKEINFO='${SHELL} /home/i4k/hack/source/libmalelf/missing --run makeinfo'
MANIFEST_TOOL=':'
MKDIR_P='/bin/mkdir -p'
NM='/usr/bin/nm -B'
NMEDIT=''
OBJDUMP='objdump'
OBJEXT='o'
OTOOL64=''
OTOOL=''
PACKAGE='libmalelf'
PACKAGE_BUGREPORT='natel@secplus.com.br'
PACKAGE_NAME='libmalelf'
PACKAGE_STRING='libmalelf 1.0'
PACKAGE_TARNAME='libmalelf'
PACKAGE_URL=''
PACKAGE_VERSION='1.0'
PATH_SEPARATOR=':'
RANLIB='ranlib'
SED='/bin/sed'
SET_MAKE=''
SHELL='/bin/bash'
STRIP='strip'
VERSION='1.0'
ac_ct_AR='ar'
ac_ct_CC='gcc'
ac_ct_DUMPBIN=''
am__EXEEXT_FALSE=''
am__EXEEXT_TRUE='#'
am__fastdepCCAS_FALSE='#'
am__fastdepCCAS_TRUE=''
am__fastdepCC_FALSE='#'
am__fastdepCC_TRUE=''
am__include='include'
am__isrc=''
am__leading_dot='.'
am__nodep='_no'
am__quote=''
am__tar='$${TAR-tar} chof - "$$tardir"'
am__untar='$${TAR-tar} xf -'
bindir='${exec_prefix}/bin'
build='i686-pc-linux-gnu'
build_alias=''
build_cpu='i686'
build_os='linux-gnu'
build_vendor='pc'
datadir='${datarootdir}'
datarootdir='${prefix}/share'
docdir='${datarootdir}/doc/${PACKAGE_TARNAME}'
dvidir='${docdir}'
exec_prefix='${prefix}'
extra_includes=':/usr'
host='i686-pc-linux-gnu'
host_alias=''
host_cpu='i686'
host_os='linux-gnu'
host_vendor='pc'
htmldir='${docdir}'
includedir='${prefix}/include'
infodir='${datarootdir}/info'
install_sh='${SHELL} /home/i4k/hack/source/libmalelf/install-sh'
libdir='${exec_prefix}/lib'
libexecdir='${exec_prefix}/libexec'
localedir='${datarootdir}/locale'
localstatedir='${prefix}/var'
mandir='${datarootdir}/man'
mkdir_p='/bin/mkdir -p'
oldincludedir='/usr/include'
pdfdir='${docdir}'
prefix='/usr'
program_transform_name='s,x,x,'
psdir='${docdir}'
sbindir='${exec_prefix}/sbin'
sharedstatedir='${prefix}/com'
sysconfdir='${prefix}/etc'
target_alias=''

## ----------- ##
## confdefs.h. ##
## ----------- ##

/* confdefs.h */
#define PACKAGE_NAME "libmalelf"
#define PACKAGE_TARNAME "libmalelf"
#define PACKAGE_VERSION "1.0"
#define PACKAGE_STRING "libmalelf 1.0"
#define PACKAGE_BUGREPORT "natel@secplus.com.br"
#define PACKAGE_URL ""
#define PACKAGE "libmalelf"
#define VERSION "1.0"
#define STDC_HEADERS 1
#define HAVE_SYS_TYPES_H 1
#define HAVE_SYS_STAT_H 1
#define HAVE_STDLIB_H 1
#define HAVE_STRING_H 1
#define HAVE_MEMORY_H 1
#define HAVE_STRINGS_H 1
#define HAVE_INTTYPES_H 1
#define HAVE_STDINT_H 1
#define HAVE_UNISTD_H 1
#define HAVE_DLFCN_H 1
#define LT_OBJDIR ".libs/"
#define HAVE_FCNTL_H 1
#define HAVE_STDLIB_H 1
#define HAVE_STRING_H 1
#define HAVE_UNISTD_H 1
#define HAVE_ELF_H 1
#define HAVE_CUNIT_CUNIT_H 1
#define HAVE_LIBXML_XMLWRITER_H 1
#define HAVE_STDLIB_H 1
#define HAVE_MALLOC 1
#define HAVE_STDLIB_H 1
#define HAVE_REALLOC 1
#define HAVE_STDLIB_H 1
#define HAVE_UNISTD_H 1
#define HAVE_SYS_PARAM_H 1
#define HAVE_GETPAGESIZE 1
#define HAVE_MMAP 1
#define HAVE_BZERO 1
#define HAVE_GETADDRINFO 1
#define HAVE_INET_NTOA 1
#define HAVE_MEMSET 1
#define HAVE_SOCKET 1
#define HAVE_MUNMAP 1

configure: exit 0
